Arguments: 
  /usr/local/bin/node /usr/local/Cellar/yarn/1.15.2/libexec/bin/yarn.js add react-select

PATH: 
  /Library/Frameworks/Python.framework/Versions/3.7/bin:/Users/elias/.npm-global/bin:/usr/local/bin:/usr/bin:/bin:/usr/sbin:/sbin:/opt/X11/bin:/Library/Frameworks/Python.framework/Versions/3.7/bin:/Users/elias/.npm-global/bin:/Users/elias/Library/Android/sdk/emulator:/Users/elias/Library/Android/sdk/tools:/Users/elias/Library/Android/sdk/tools/bin:/Users/elias/Library/Android/sdk/platform-tools:/Users/elias/Library/Android/sdk/emulator:/Users/elias/Library/Android/sdk/tools:/Users/elias/Library/Android/sdk/tools/bin:/Users/elias/Library/Android/sdk/platform-tools

Yarn version: 
  1.15.2

Node version: 
  10.15.3

Platform: 
  darwin x64

Trace: 
  Error: EACCES: permission denied, mkdir '/Users/elias/Documents/kinetika/node_modules/@typescript-eslint/typescript-estree/node_modules/semver'

npm manifest: 
  {
    "name": "kinetika",
    "version": "0.1.0",
    "private": true,
    "dependencies": {
      "axios": "^0.18.0",
      "react": "^16.12.0",
      "react-cookie": "^3.1.2",
      "react-dom": "^16.12.0",
      "react-dropdown-select": "^4.0.0",
      "react-redux": "^7.2.0",
      "react-scripts": "^3.4.0",
      "redux": "^4.0.5",
      "redux-devtools-extension": "^2.13.8"
    },
    "scripts": {
      "start": "react-scripts start",
      "build": "react-scripts build",
      "test": "react-scripts test",
      "eject": "react-scripts eject"
    },
    "eslintConfig": {
      "extends": "react-app"
    },
    "browserslist": {
      "production": [
        ">0.2%",
        "not dead",
        "not op_mini all"
      ],
      "development": [
        "last 1 chrome version",
        "last 1 firefox version",
        "last 1 safari version"
      ]
    }
  }

yarn manifest: 
  No manifest

Lockfile: 
  No lockfile
